Listening on port 8080
Error: Failed to lookup view "3d/blindSpot2.jade" in views directory "/home/ec2-user/akmy-web/views"
    at EventEmitter.render (/home/ec2-user/akmy-web/node_modules/express/lib/application.js:580:17)
    at ServerResponse.render (/home/ec2-user/akmy-web/node_modules/express/lib/response.js:971:7)
    at getAllDirectoryFilesS3.then (/home/ec2-user/akmy-web/server.js:84:7)
    at _fulfilled (/home/ec2-user/akmy-web/node_modules/q/q.js:854:54)
    at self.promiseDispatch.done (/home/ec2-user/akmy-web/node_modules/q/q.js:883:30)
    at Promise.promise.promiseDispatch (/home/ec2-user/akmy-web/node_modules/q/q.js:816:13)
    at /home/ec2-user/akmy-web/node_modules/q/q.js:624:44
    at runSingle (/home/ec2-user/akmy-web/node_modules/q/q.js:137:13)
    at flush (/home/ec2-user/akmy-web/node_modules/q/q.js:125:13)
    at _combinedTickCallback (internal/process/next_tick.js:73:7)
    at process._tickDomainCallback (internal/process/next_tick.js:128:9)
Error: Failed to lookup view "3d/blindSpot2.jade" in views directory "/home/ec2-user/akmy-web/views"
    at EventEmitter.render (/home/ec2-user/akmy-web/node_modules/express/lib/application.js:580:17)
    at ServerResponse.render (/home/ec2-user/akmy-web/node_modules/express/lib/response.js:971:7)
    at getAllDirectoryFilesS3.then (/home/ec2-user/akmy-web/server.js:84:7)
    at _fulfilled (/home/ec2-user/akmy-web/node_modules/q/q.js:854:54)
    at self.promiseDispatch.done (/home/ec2-user/akmy-web/node_modules/q/q.js:883:30)
    at Promise.promise.promiseDispatch (/home/ec2-user/akmy-web/node_modules/q/q.js:816:13)
    at /home/ec2-user/akmy-web/node_modules/q/q.js:624:44
    at runSingle (/home/ec2-user/akmy-web/node_modules/q/q.js:137:13)
    at flush (/home/ec2-user/akmy-web/node_modules/q/q.js:125:13)
    at _combinedTickCallback (internal/process/next_tick.js:73:7)
    at process._tickDomainCallback (internal/process/next_tick.js:128:9)
Error: Failed to lookup view "3d/blindSpot2.jade" in views directory "/home/ec2-user/akmy-web/views"
    at EventEmitter.render (/home/ec2-user/akmy-web/node_modules/express/lib/application.js:580:17)
    at ServerResponse.render (/home/ec2-user/akmy-web/node_modules/express/lib/response.js:971:7)
    at getAllDirectoryFilesS3.then (/home/ec2-user/akmy-web/server.js:84:7)
    at _fulfilled (/home/ec2-user/akmy-web/node_modules/q/q.js:854:54)
    at self.promiseDispatch.done (/home/ec2-user/akmy-web/node_modules/q/q.js:883:30)
    at Promise.promise.promiseDispatch (/home/ec2-user/akmy-web/node_modules/q/q.js:816:13)
    at /home/ec2-user/akmy-web/node_modules/q/q.js:624:44
    at runSingle (/home/ec2-user/akmy-web/node_modules/q/q.js:137:13)
    at flush (/home/ec2-user/akmy-web/node_modules/q/q.js:125:13)
    at _combinedTickCallback (internal/process/next_tick.js:73:7)
    at process._tickDomainCallback (internal/process/next_tick.js:128:9)
Error: Failed to lookup view "3d/blindSpot2.jade" in views directory "/home/ec2-user/akmy-web/views"
    at EventEmitter.render (/home/ec2-user/akmy-web/node_modules/express/lib/application.js:580:17)
    at ServerResponse.render (/home/ec2-user/akmy-web/node_modules/express/lib/response.js:971:7)
    at getAllDirectoryFilesS3.then (/home/ec2-user/akmy-web/server.js:84:7)
    at _fulfilled (/home/ec2-user/akmy-web/node_modules/q/q.js:854:54)
    at self.promiseDispatch.done (/home/ec2-user/akmy-web/node_modules/q/q.js:883:30)
    at Promise.promise.promiseDispatch (/home/ec2-user/akmy-web/node_modules/q/q.js:816:13)
    at /home/ec2-user/akmy-web/node_modules/q/q.js:624:44
    at runSingle (/home/ec2-user/akmy-web/node_modules/q/q.js:137:13)
    at flush (/home/ec2-user/akmy-web/node_modules/q/q.js:125:13)
    at _combinedTickCallback (internal/process/next_tick.js:73:7)
    at process._tickDomainCallback (internal/process/next_tick.js:128:9)
Error: Failed to lookup view "3d/blindSpot2.jade" in views directory "/home/ec2-user/akmy-web/views"
    at EventEmitter.render (/home/ec2-user/akmy-web/node_modules/express/lib/application.js:580:17)
    at ServerResponse.render (/home/ec2-user/akmy-web/node_modules/express/lib/response.js:971:7)
    at getAllDirectoryFilesS3.then (/home/ec2-user/akmy-web/server.js:84:7)
    at _fulfilled (/home/ec2-user/akmy-web/node_modules/q/q.js:854:54)
    at self.promiseDispatch.done (/home/ec2-user/akmy-web/node_modules/q/q.js:883:30)
    at Promise.promise.promiseDispatch (/home/ec2-user/akmy-web/node_modules/q/q.js:816:13)
    at /home/ec2-user/akmy-web/node_modules/q/q.js:624:44
    at runSingle (/home/ec2-user/akmy-web/node_modules/q/q.js:137:13)
    at flush (/home/ec2-user/akmy-web/node_modules/q/q.js:125:13)
    at _combinedTickCallback (internal/process/next_tick.js:73:7)
    at process._tickDomainCallback (internal/process/next_tick.js:128:9)
Error: Failed to lookup view "3d/blindSpot2.jade" in views directory "/home/ec2-user/akmy-web/views"
    at EventEmitter.render (/home/ec2-user/akmy-web/node_modules/express/lib/application.js:580:17)
    at ServerResponse.render (/home/ec2-user/akmy-web/node_modules/express/lib/response.js:971:7)
    at getAllDirectoryFilesS3.then (/home/ec2-user/akmy-web/server.js:84:7)
    at _fulfilled (/home/ec2-user/akmy-web/node_modules/q/q.js:854:54)
    at self.promiseDispatch.done (/home/ec2-user/akmy-web/node_modules/q/q.js:883:30)
    at Promise.promise.promiseDispatch (/home/ec2-user/akmy-web/node_modules/q/q.js:816:13)
    at /home/ec2-user/akmy-web/node_modules/q/q.js:624:44
    at runSingle (/home/ec2-user/akmy-web/node_modules/q/q.js:137:13)
    at flush (/home/ec2-user/akmy-web/node_modules/q/q.js:125:13)
    at _combinedTickCallback (internal/process/next_tick.js:73:7)
    at process._tickDomainCallback (internal/process/next_tick.js:128:9)
Error: Failed to lookup view "3d/blindSpot2.jade" in views directory "/home/ec2-user/akmy-web/views"
    at EventEmitter.render (/home/ec2-user/akmy-web/node_modules/express/lib/application.js:580:17)
    at ServerResponse.render (/home/ec2-user/akmy-web/node_modules/express/lib/response.js:971:7)
    at getAllDirectoryFilesS3.then (/home/ec2-user/akmy-web/server.js:84:7)
    at _fulfilled (/home/ec2-user/akmy-web/node_modules/q/q.js:854:54)
    at self.promiseDispatch.done (/home/ec2-user/akmy-web/node_modules/q/q.js:883:30)
    at Promise.promise.promiseDispatch (/home/ec2-user/akmy-web/node_modules/q/q.js:816:13)
    at /home/ec2-user/akmy-web/node_modules/q/q.js:624:44
    at runSingle (/home/ec2-user/akmy-web/node_modules/q/q.js:137:13)
    at flush (/home/ec2-user/akmy-web/node_modules/q/q.js:125:13)
    at _combinedTickCallback (internal/process/next_tick.js:73:7)
    at process._tickDomainCallback (internal/process/next_tick.js:128:9)
Error: Failed to lookup view "3d/blindSpot2.jade" in views directory "/home/ec2-user/akmy-web/views"
    at EventEmitter.render (/home/ec2-user/akmy-web/node_modules/express/lib/application.js:580:17)
    at ServerResponse.render (/home/ec2-user/akmy-web/node_modules/express/lib/response.js:971:7)
    at getAllDirectoryFilesS3.then (/home/ec2-user/akmy-web/server.js:84:7)
    at _fulfilled (/home/ec2-user/akmy-web/node_modules/q/q.js:854:54)
    at self.promiseDispatch.done (/home/ec2-user/akmy-web/node_modules/q/q.js:883:30)
    at Promise.promise.promiseDispatch (/home/ec2-user/akmy-web/node_modules/q/q.js:816:13)
    at /home/ec2-user/akmy-web/node_modules/q/q.js:624:44
    at runSingle (/home/ec2-user/akmy-web/node_modules/q/q.js:137:13)
    at flush (/home/ec2-user/akmy-web/node_modules/q/q.js:125:13)
    at _combinedTickCallback (internal/process/next_tick.js:73:7)
    at process._tickDomainCallback (internal/process/next_tick.js:128:9)
Error: Failed to lookup view "3d/blindSpot2.jade" in views directory "/home/ec2-user/akmy-web/views"
    at EventEmitter.render (/home/ec2-user/akmy-web/node_modules/express/lib/application.js:580:17)
    at ServerResponse.render (/home/ec2-user/akmy-web/node_modules/express/lib/response.js:971:7)
    at getAllDirectoryFilesS3.then (/home/ec2-user/akmy-web/server.js:84:7)
    at _fulfilled (/home/ec2-user/akmy-web/node_modules/q/q.js:854:54)
    at self.promiseDispatch.done (/home/ec2-user/akmy-web/node_modules/q/q.js:883:30)
    at Promise.promise.promiseDispatch (/home/ec2-user/akmy-web/node_modules/q/q.js:816:13)
    at /home/ec2-user/akmy-web/node_modules/q/q.js:624:44
    at runSingle (/home/ec2-user/akmy-web/node_modules/q/q.js:137:13)
    at flush (/home/ec2-user/akmy-web/node_modules/q/q.js:125:13)
    at _combinedTickCallback (internal/process/next_tick.js:73:7)
    at process._tickDomainCallback (internal/process/next_tick.js:128:9)
Error: Failed to lookup view "3d/blindSpot2.jade" in views directory "/home/ec2-user/akmy-web/views"
    at EventEmitter.render (/home/ec2-user/akmy-web/node_modules/express/lib/application.js:580:17)
    at ServerResponse.render (/home/ec2-user/akmy-web/node_modules/express/lib/response.js:971:7)
    at getAllDirectoryFilesS3.then (/home/ec2-user/akmy-web/server.js:84:7)
    at _fulfilled (/home/ec2-user/akmy-web/node_modules/q/q.js:854:54)
    at self.promiseDispatch.done (/home/ec2-user/akmy-web/node_modules/q/q.js:883:30)
    at Promise.promise.promiseDispatch (/home/ec2-user/akmy-web/node_modules/q/q.js:816:13)
    at /home/ec2-user/akmy-web/node_modules/q/q.js:624:44
    at runSingle (/home/ec2-user/akmy-web/node_modules/q/q.js:137:13)
    at flush (/home/ec2-user/akmy-web/node_modules/q/q.js:125:13)
    at _combinedTickCallback (internal/process/next_tick.js:73:7)
    at process._tickDomainCallback (internal/process/next_tick.js:128:9)
Error: Failed to lookup view "3d/blindSpot2.jade" in views directory "/home/ec2-user/akmy-web/views"
    at EventEmitter.render (/home/ec2-user/akmy-web/node_modules/express/lib/application.js:580:17)
    at ServerResponse.render (/home/ec2-user/akmy-web/node_modules/express/lib/response.js:971:7)
    at getAllDirectoryFilesS3.then (/home/ec2-user/akmy-web/server.js:84:7)
    at _fulfilled (/home/ec2-user/akmy-web/node_modules/q/q.js:854:54)
    at self.promiseDispatch.done (/home/ec2-user/akmy-web/node_modules/q/q.js:883:30)
    at Promise.promise.promiseDispatch (/home/ec2-user/akmy-web/node_modules/q/q.js:816:13)
    at /home/ec2-user/akmy-web/node_modules/q/q.js:624:44
    at runSingle (/home/ec2-user/akmy-web/node_modules/q/q.js:137:13)
    at flush (/home/ec2-user/akmy-web/node_modules/q/q.js:125:13)
    at _combinedTickCallback (internal/process/next_tick.js:73:7)
    at process._tickDomainCallback (internal/process/next_tick.js:128:9)
Error: Failed to lookup view "3d/blindSpot2.jade" in views directory "/home/ec2-user/akmy-web/views"
    at EventEmitter.render (/home/ec2-user/akmy-web/node_modules/express/lib/application.js:580:17)
    at ServerResponse.render (/home/ec2-user/akmy-web/node_modules/express/lib/response.js:971:7)
    at getAllDirectoryFilesS3.then (/home/ec2-user/akmy-web/server.js:84:7)
    at _fulfilled (/home/ec2-user/akmy-web/node_modules/q/q.js:854:54)
    at self.promiseDispatch.done (/home/ec2-user/akmy-web/node_modules/q/q.js:883:30)
    at Promise.promise.promiseDispatch (/home/ec2-user/akmy-web/node_modules/q/q.js:816:13)
    at /home/ec2-user/akmy-web/node_modules/q/q.js:624:44
    at runSingle (/home/ec2-user/akmy-web/node_modules/q/q.js:137:13)
    at flush (/home/ec2-user/akmy-web/node_modules/q/q.js:125:13)
    at _combinedTickCallback (internal/process/next_tick.js:73:7)
    at process._tickDomainCallback (internal/process/next_tick.js:128:9)
Error: Failed to lookup view "3d/blindSpot2.jade" in views directory "/home/ec2-user/akmy-web/views"
    at EventEmitter.render (/home/ec2-user/akmy-web/node_modules/express/lib/application.js:580:17)
    at ServerResponse.render (/home/ec2-user/akmy-web/node_modules/express/lib/response.js:971:7)
    at getAllDirectoryFilesS3.then (/home/ec2-user/akmy-web/server.js:84:7)
    at _fulfilled (/home/ec2-user/akmy-web/node_modules/q/q.js:854:54)
    at self.promiseDispatch.done (/home/ec2-user/akmy-web/node_modules/q/q.js:883:30)
    at Promise.promise.promiseDispatch (/home/ec2-user/akmy-web/node_modules/q/q.js:816:13)
    at /home/ec2-user/akmy-web/node_modules/q/q.js:624:44
    at runSingle (/home/ec2-user/akmy-web/node_modules/q/q.js:137:13)
    at flush (/home/ec2-user/akmy-web/node_modules/q/q.js:125:13)
    at _combinedTickCallback (internal/process/next_tick.js:73:7)
    at process._tickDomainCallback (internal/process/next_tick.js:128:9)
Error: Failed to lookup view "3d/blindSpot2.jade" in views directory "/home/ec2-user/akmy-web/views"
    at EventEmitter.render (/home/ec2-user/akmy-web/node_modules/express/lib/application.js:580:17)
    at ServerResponse.render (/home/ec2-user/akmy-web/node_modules/express/lib/response.js:971:7)
    at getAllDirectoryFilesS3.then (/home/ec2-user/akmy-web/server.js:84:7)
    at _fulfilled (/home/ec2-user/akmy-web/node_modules/q/q.js:854:54)
    at self.promiseDispatch.done (/home/ec2-user/akmy-web/node_modules/q/q.js:883:30)
    at Promise.promise.promiseDispatch (/home/ec2-user/akmy-web/node_modules/q/q.js:816:13)
    at /home/ec2-user/akmy-web/node_modules/q/q.js:624:44
    at runSingle (/home/ec2-user/akmy-web/node_modules/q/q.js:137:13)
    at flush (/home/ec2-user/akmy-web/node_modules/q/q.js:125:13)
    at _combinedTickCallback (internal/process/next_tick.js:73:7)
    at process._tickDomainCallback (internal/process/next_tick.js:128:9)
Error: Failed to lookup view "3d/blindSpot2.jade" in views directory "/home/ec2-user/akmy-web/views"
    at EventEmitter.render (/home/ec2-user/akmy-web/node_modules/express/lib/application.js:580:17)
    at ServerResponse.render (/home/ec2-user/akmy-web/node_modules/express/lib/response.js:971:7)
    at getAllDirectoryFilesS3.then (/home/ec2-user/akmy-web/server.js:84:7)
    at _fulfilled (/home/ec2-user/akmy-web/node_modules/q/q.js:854:54)
    at self.promiseDispatch.done (/home/ec2-user/akmy-web/node_modules/q/q.js:883:30)
    at Promise.promise.promiseDispatch (/home/ec2-user/akmy-web/node_modules/q/q.js:816:13)
    at /home/ec2-user/akmy-web/node_modules/q/q.js:624:44
    at runSingle (/home/ec2-user/akmy-web/node_modules/q/q.js:137:13)
    at flush (/home/ec2-user/akmy-web/node_modules/q/q.js:125:13)
    at _combinedTickCallback (internal/process/next_tick.js:73:7)
    at process._tickDomainCallback (internal/process/next_tick.js:128:9)
Error: Failed to lookup view "3d/blindSpot2.jade" in views directory "/home/ec2-user/akmy-web/views"
    at EventEmitter.render (/home/ec2-user/akmy-web/node_modules/express/lib/application.js:580:17)
    at ServerResponse.render (/home/ec2-user/akmy-web/node_modules/express/lib/response.js:971:7)
    at getAllDirectoryFilesS3.then (/home/ec2-user/akmy-web/server.js:84:7)
    at _fulfilled (/home/ec2-user/akmy-web/node_modules/q/q.js:854:54)
    at self.promiseDispatch.done (/home/ec2-user/akmy-web/node_modules/q/q.js:883:30)
    at Promise.promise.promiseDispatch (/home/ec2-user/akmy-web/node_modules/q/q.js:816:13)
    at /home/ec2-user/akmy-web/node_modules/q/q.js:624:44
    at runSingle (/home/ec2-user/akmy-web/node_modules/q/q.js:137:13)
    at flush (/home/ec2-user/akmy-web/node_modules/q/q.js:125:13)
    at _combinedTickCallback (internal/process/next_tick.js:73:7)
    at process._tickDomainCallback (internal/process/next_tick.js:128:9)
Error: Failed to lookup view "3d/blindSpot2.jade" in views directory "/home/ec2-user/akmy-web/views"
    at EventEmitter.render (/home/ec2-user/akmy-web/node_modules/express/lib/application.js:580:17)
    at ServerResponse.render (/home/ec2-user/akmy-web/node_modules/express/lib/response.js:971:7)
    at getAllDirectoryFilesS3.then (/home/ec2-user/akmy-web/server.js:84:7)
    at _fulfilled (/home/ec2-user/akmy-web/node_modules/q/q.js:854:54)
    at self.promiseDispatch.done (/home/ec2-user/akmy-web/node_modules/q/q.js:883:30)
    at Promise.promise.promiseDispatch (/home/ec2-user/akmy-web/node_modules/q/q.js:816:13)
    at /home/ec2-user/akmy-web/node_modules/q/q.js:624:44
    at runSingle (/home/ec2-user/akmy-web/node_modules/q/q.js:137:13)
    at flush (/home/ec2-user/akmy-web/node_modules/q/q.js:125:13)
    at _combinedTickCallback (internal/process/next_tick.js:73:7)
    at process._tickDomainCallback (internal/process/next_tick.js:128:9)
Error: Failed to lookup view "3d/blindSpot2.jade" in views directory "/home/ec2-user/akmy-web/views"
    at EventEmitter.render (/home/ec2-user/akmy-web/node_modules/express/lib/application.js:580:17)
    at ServerResponse.render (/home/ec2-user/akmy-web/node_modules/express/lib/response.js:971:7)
    at getAllDirectoryFilesS3.then (/home/ec2-user/akmy-web/server.js:84:7)
    at _fulfilled (/home/ec2-user/akmy-web/node_modules/q/q.js:854:54)
    at self.promiseDispatch.done (/home/ec2-user/akmy-web/node_modules/q/q.js:883:30)
    at Promise.promise.promiseDispatch (/home/ec2-user/akmy-web/node_modules/q/q.js:816:13)
    at /home/ec2-user/akmy-web/node_modules/q/q.js:624:44
    at runSingle (/home/ec2-user/akmy-web/node_modules/q/q.js:137:13)
    at flush (/home/ec2-user/akmy-web/node_modules/q/q.js:125:13)
    at _combinedTickCallback (internal/process/next_tick.js:73:7)
    at process._tickDomainCallback (internal/process/next_tick.js:128:9)
Error: Failed to lookup view "3d/blindSpot2.jade" in views directory "/home/ec2-user/akmy-web/views"
    at EventEmitter.render (/home/ec2-user/akmy-web/node_modules/express/lib/application.js:580:17)
    at ServerResponse.render (/home/ec2-user/akmy-web/node_modules/express/lib/response.js:971:7)
    at getAllDirectoryFilesS3.then (/home/ec2-user/akmy-web/server.js:84:7)
    at _fulfilled (/home/ec2-user/akmy-web/node_modules/q/q.js:854:54)
    at self.promiseDispatch.done (/home/ec2-user/akmy-web/node_modules/q/q.js:883:30)
    at Promise.promise.promiseDispatch (/home/ec2-user/akmy-web/node_modules/q/q.js:816:13)
    at /home/ec2-user/akmy-web/node_modules/q/q.js:624:44
    at runSingle (/home/ec2-user/akmy-web/node_modules/q/q.js:137:13)
    at flush (/home/ec2-user/akmy-web/node_modules/q/q.js:125:13)
    at _combinedTickCallback (internal/process/next_tick.js:73:7)
    at process._tickDomainCallback (internal/process/next_tick.js:128:9)
Error: Failed to lookup view "3d/blindSpot2.jade" in views directory "/home/ec2-user/akmy-web/views"
    at EventEmitter.render (/home/ec2-user/akmy-web/node_modules/express/lib/application.js:580:17)
    at ServerResponse.render (/home/ec2-user/akmy-web/node_modules/express/lib/response.js:971:7)
    at getAllDirectoryFilesS3.then (/home/ec2-user/akmy-web/server.js:84:7)
    at _fulfilled (/home/ec2-user/akmy-web/node_modules/q/q.js:854:54)
    at self.promiseDispatch.done (/home/ec2-user/akmy-web/node_modules/q/q.js:883:30)
    at Promise.promise.promiseDispatch (/home/ec2-user/akmy-web/node_modules/q/q.js:816:13)
    at /home/ec2-user/akmy-web/node_modules/q/q.js:624:44
    at runSingle (/home/ec2-user/akmy-web/node_modules/q/q.js:137:13)
    at flush (/home/ec2-user/akmy-web/node_modules/q/q.js:125:13)
    at _combinedTickCallback (internal/process/next_tick.js:73:7)
    at process._tickDomainCallback (internal/process/next_tick.js:128:9)
